<?xml version="1.0" encoding="UTF-8"?>
<!-- Generated by org.testng.reporters.JUnitReportReporter -->
<testsuite hostname="Lenovo" failures="0" tests="1" name="org.test.Calender" time="29.749" errors="0" timestamp="17 May 2025 17:11:29 GMT" skipped="0">
  <testcase classname="org.test.Calender" name="tc001" time="29.749"/>
</testsuite> <!-- org.test.Calender -->
