<?xml version="1.0" encoding="UTF-8"?>
<!-- Generated by org.testng.reporters.JUnitReportReporter -->
<testsuite hostname="Lenovo" failures="0" tests="2" name="org.test.Login_Test" time="7.259" errors="0" timestamp="30 Apr 2025 16:34:27 GMT" skipped="0">
  <testcase classname="org.test.Login_Test" name="tc1" time="4.480"/>
  <testcase classname="org.test.Login_Test" name="tc5" time="2.779"/>
</testsuite> <!-- org.test.Login_Test -->
