<?xml version="1.0" encoding="UTF-8"?>
<!-- Generated by org.testng.reporters.JUnitReportReporter -->
<testsuite hostname="Lenovo" failures="0" tests="1" name="org.test.UploadFile" time="12.829" errors="0" timestamp="13 May 2025 06:38:36 GMT" skipped="0">
  <testcase classname="org.test.UploadFile" name="tc1" time="12.829"/>
</testsuite> <!-- org.test.UploadFile -->
